<?xml version="1.0" encoding="UTF-8"?>
<testng-results skipped="0" failed="0" ignored="0" total="1" passed="1">
  <reporter-output>
  </reporter-output>
  <suite name="Default suite" duration-ms="47328" started-at="2021-03-05T16:31:24Z" finished-at="2021-03-05T16:32:11Z">
    <groups>
    </groups>
    <test name="Default test" duration-ms="47328" started-at="2021-03-05T16:31:24Z" finished-at="2021-03-05T16:32:11Z">
      <class name="ElonMusk.SpaceX.LaunchFaceBook">
        <test-method status="PASS" signature="fb()[pri:0, instance:ElonMusk.SpaceX.LaunchFaceBook@59fa1d9b]" name="fb" duration-ms="47177" started-at="2021-03-05T16:31:24Z" finished-at="2021-03-05T16:32:11Z">
          <reporter-output>
          </reporter-output>
        </test-method> <!-- fb -->
      </class> <!-- ElonMusk.SpaceX.LaunchFaceBook -->
    </test> <!-- Default test -->
  </suite> <!-- Default suite -->
</testng-results>
