<?xml version="1.0" encoding="UTF-8"?>
<testng-results skipped="0" failed="0" ignored="0" total="0" passed="0">
  <reporter-output>
  </reporter-output>
  <suite name="ElonMusk.SpaceX.AppTest" duration-ms="12" started-at="2021-05-13T19:53:03 IST" finished-at="2021-05-13T19:53:03 IST">
    <groups>
    </groups>
    <test name="Command line test" duration-ms="12" started-at="2021-05-13T19:53:03 IST" finished-at="2021-05-13T19:53:03 IST">
    </test> <!-- Command line test -->
  </suite> <!-- ElonMusk.SpaceX.AppTest -->
</testng-results>
